<?xml version="1.0" encoding="UTF-8"?>
<testng-results ignored="0" total="2" passed="2" failed="0" skipped="0">
  <reporter-output>
  </reporter-output>
  <suite started-at="2018-05-07T03:27:31Z" name="Default suite" finished-at="2018-05-07T03:27:55Z" duration-ms="24052">
    <groups>
    </groups>
    <test started-at="2018-05-07T03:27:31Z" name="Default test" finished-at="2018-05-07T03:27:55Z" duration-ms="24052">
      <class name="AutomationTests.LoginobjectTest">
        <test-method is-config="true" signature="Initialisation()[pri:0, instance:AutomationTests.LoginobjectTest@d21a74c]" started-at="2018-05-07T03:27:31Z" name="Initialisation" finished-at="2018-05-07T03:27:32Z" duration-ms="708" status="PASS">
          <reporter-output>
          </reporter-output>
        </test-method> <!-- Initialisation -->
        <test-method is-config="true" signature="launchBrowser()[pri:0, instance:AutomationTests.LoginobjectTest@d21a74c]" started-at="2018-05-07T03:27:32Z" name="launchBrowser" finished-at="2018-05-07T03:27:37Z" duration-ms="5115" status="PASS">
          <reporter-output>
          </reporter-output>
        </test-method> <!-- launchBrowser -->
        <test-method signature="Loginpagetests(java.lang.String, java.lang.String)[pri:0, instance:AutomationTests.LoginobjectTest@d21a74c]" started-at="2018-05-07T03:27:37Z" name="Loginpagetests" data-provider="LoginData" finished-at="2018-05-07T03:27:41Z" duration-ms="4028" status="PASS">
          <params>
            <param index="0">
              <value>
                <![CDATA[username]]>
              </value>
            </param>
            <param index="1">
              <value>
                <![CDATA[Abuhurayra1a@]]>
              </value>
            </param>
          </params>
          <reporter-output>
          </reporter-output>
        </test-method> <!-- Loginpagetests -->
        <test-method is-config="true" signature="closebrowser()[pri:0, instance:AutomationTests.LoginobjectTest@d21a74c]" started-at="2018-05-07T03:27:41Z" name="closebrowser" finished-at="2018-05-07T03:27:44Z" duration-ms="3129" status="PASS">
          <reporter-output>
          </reporter-output>
        </test-method> <!-- closebrowser -->
        <test-method is-config="true" signature="launchBrowser()[pri:0, instance:AutomationTests.LoginobjectTest@d21a74c]" started-at="2018-05-07T03:27:44Z" name="launchBrowser" finished-at="2018-05-07T03:27:48Z" duration-ms="4136" status="PASS">
          <reporter-output>
          </reporter-output>
        </test-method> <!-- launchBrowser -->
        <test-method signature="Loginpagetests(java.lang.String, java.lang.String)[pri:0, instance:AutomationTests.LoginobjectTest@d21a74c]" started-at="2018-05-07T03:27:48Z" name="Loginpagetests" data-provider="LoginData" finished-at="2018-05-07T03:27:52Z" duration-ms="3751" status="PASS">
          <params>
            <param index="0">
              <value>
                <![CDATA[username]]>
              </value>
            </param>
            <param index="1">
              <value>
                <![CDATA[Abuhurayra1a@]]>
              </value>
            </param>
          </params>
          <reporter-output>
          </reporter-output>
        </test-method> <!-- Loginpagetests -->
        <test-method is-config="true" signature="closebrowser()[pri:0, instance:AutomationTests.LoginobjectTest@d21a74c]" started-at="2018-05-07T03:27:52Z" name="closebrowser" finished-at="2018-05-07T03:27:55Z" duration-ms="3140" status="PASS">
          <reporter-output>
          </reporter-output>
        </test-method> <!-- closebrowser -->
      </class> <!-- AutomationTests.LoginobjectTest -->
    </test> <!-- Default test -->
  </suite> <!-- Default suite -->
</testng-results>
